<?xml version="1.0" encoding="UTF-8"?>
<!-- Generated by org.testng.reporters.JUnitXMLReporter -->
<testsuite hostname="Sais-MacBook-Pro.local" name="RegressionTest" tests="6" failures="0" timestamp="27 Jun 2021 08:38:03 GMT" time="0.078" errors="0">
  <testcase name="deleteTwitter" time="0.024" classname="MavenTutorial.MavenJAVA.RestAPITest"/>
  <testcase name="postJira" time="0.002" classname="MavenTutorial.MavenJAVA.RestAPITest"/>
  <testcase name="browserAutomatio" time="0.001" classname="MavenTutorial.MavenJAVA.SeleniumTest"/>
  <testcase name="elementsUi" time="0.0" classname="MavenTutorial.MavenJAVA.SeleniumTest"/>
  <testcase name="iosApps" time="0.0" classname="MavenTutorial.MavenJAVA.AppiumTest"/>
  <testcase name="nativeAppAndroid" time="0.001" classname="MavenTutorial.MavenJAVA.AppiumTest"/>
</testsuite> <!-- RegressionTest -->
