<?xml version="1.0" encoding="UTF-8"?>
<!-- Generated by org.testng.reporters.JUnitXMLReporter -->
<testsuite hostname="Sais-MacBook-Pro.local" failures="0" tests="4" name="Test" time="0.035" errors="0" timestamp="26 Jun 2021 08:14:04 GMT">
  <testcase classname="MavenTutorial.MavenJAVA.RestAPITest" name="deleteTwitter" time="0.012"/>
  <testcase classname="MavenTutorial.MavenJAVA.RestAPITest" name="postJira" time="0.001"/>
  <testcase classname="MavenTutorial.MavenJAVA.SeleniumTest" name="browserAutomatio" time="0.0"/>
  <testcase classname="MavenTutorial.MavenJAVA.SeleniumTest" name="elementsUi" time="0.0"/>
</testsuite> <!-- Test -->
