<?xml version="1.0" encoding="UTF-8"?>
<testng-results skipped="0" failed="0" total="6" passed="6">
  <reporter-output>
  </reporter-output>
  <suite name="Suite" duration-ms="78" started-at="2021-06-27T08:37:58Z" finished-at="2021-06-27T08:37:58Z">
    <groups>
    </groups>
    <test name="RegressionTest" duration-ms="78" started-at="2021-06-27T08:37:58Z" finished-at="2021-06-27T08:37:58Z">
      <class name="MavenTutorial.MavenJAVA.AppiumTest">
        <test-method status="PASS" signature="iosApps()[pri:0, instance:MavenTutorial.MavenJAVA.AppiumTest@770c2e6b]" name="iosApps" duration-ms="0" started-at="2021-06-27T14:07:58Z" finished-at="2021-06-27T14:07:58Z">
          <reporter-output>
          </reporter-output>
        </test-method> <!-- iosApps -->
        <test-method status="PASS" signature="nativeAppAndroid()[pri:0, instance:MavenTutorial.MavenJAVA.AppiumTest@770c2e6b]" name="nativeAppAndroid" duration-ms="1" started-at="2021-06-27T14:07:58Z" finished-at="2021-06-27T14:07:58Z">
          <reporter-output>
          </reporter-output>
        </test-method> <!-- nativeAppAndroid -->
      </class> <!-- MavenTutorial.MavenJAVA.AppiumTest -->
      <class name="MavenTutorial.MavenJAVA.RestAPITest">
        <test-method status="PASS" signature="deleteTwitter()[pri:0, instance:MavenTutorial.MavenJAVA.RestAPITest@29ba4338]" name="deleteTwitter" duration-ms="24" started-at="2021-06-27T14:07:58Z" finished-at="2021-06-27T14:07:58Z">
          <reporter-output>
          </reporter-output>
        </test-method> <!-- deleteTwitter -->
        <test-method status="PASS" signature="postJira()[pri:0, instance:MavenTutorial.MavenJAVA.RestAPITest@29ba4338]" name="postJira" duration-ms="2" started-at="2021-06-27T14:07:58Z" finished-at="2021-06-27T14:07:58Z">
          <reporter-output>
          </reporter-output>
        </test-method> <!-- postJira -->
      </class> <!-- MavenTutorial.MavenJAVA.RestAPITest -->
      <class name="MavenTutorial.MavenJAVA.SeleniumTest">
        <test-method status="PASS" signature="browserAutomatio()[pri:0, instance:MavenTutorial.MavenJAVA.SeleniumTest@c540f5a]" name="browserAutomatio" duration-ms="1" started-at="2021-06-27T14:07:58Z" finished-at="2021-06-27T14:07:58Z">
          <reporter-output>
          </reporter-output>
        </test-method> <!-- browserAutomatio -->
        <test-method status="PASS" signature="elementsUi()[pri:0, instance:MavenTutorial.MavenJAVA.SeleniumTest@c540f5a]" name="elementsUi" duration-ms="0" started-at="2021-06-27T14:07:58Z" finished-at="2021-06-27T14:07:58Z">
          <reporter-output>
          </reporter-output>
        </test-method> <!-- elementsUi -->
      </class> <!-- MavenTutorial.MavenJAVA.SeleniumTest -->
    </test> <!-- RegressionTest -->
  </suite> <!-- Suite -->
</testng-results>
